[main] INFO  BaseClass.class  - The Aperta URL is opened-------------->TIME OF EXECUTION= Wed Oct 27 18:20:43 IST 2021
[main] INFO  BaseClass.class  - The Username is entered
[main] INFO  BaseClass.class  - The Password is entered
[main] ERROR BaseClass.class  - The password is wrong. The error message is displayed correctly
[main] INFO  BaseClass.class  - Trying with the correct password
[main] INFO  BaseClass.class  - The Password is entered
[main] INFO  BaseClass.class  - Submit button is clicked
[main] INFO  BaseClass.class  - Validating the title of the launchpage.....
[main] INFO  BaseClass.class  - ---------------Launchpad is opened successfully-----------------
[main] INFO  BaseClass.class  - Aperta Tile is present--->LANDED ON RIGHT PAGE------>
[main] INFO  BaseClass.class  - Login successfull
[main] INFO  BaseClass.class  - ---------------DCB is opened successfully-----------------
[main] INFO  BaseClass.class  - Validating the title of the DCB Web App.....
[main] INFO  BaseClass.class  - ApertaDCB Tile is present--->LANDED ON RIGHT PAGE------>
[main] INFO  BaseClass.class  - DCB date is selected successfully
[main] INFO  BaseClass.class  - The Aperta URL is opened-------------->TIME OF EXECUTION= Wed Oct 27 18:43:59 IST 2021
[main] INFO  BaseClass.class  - The Username is entered
[main] INFO  BaseClass.class  - The Password is entered
[main] ERROR BaseClass.class  - The password is wrong. The error message is displayed correctly
[main] INFO  BaseClass.class  - Trying with the correct password
[main] INFO  BaseClass.class  - The Password is entered
[main] INFO  BaseClass.class  - Submit button is clicked
[main] INFO  BaseClass.class  - Validating the title of the launchpage.....
[main] INFO  BaseClass.class  - ---------------Launchpad is opened successfully-----------------
[main] INFO  BaseClass.class  - Aperta Tile is present--->LANDED ON RIGHT PAGE------>
[main] INFO  BaseClass.class  - Login successfull
[main] INFO  BaseClass.class  - ---------------DCB is opened successfully-----------------
[main] INFO  BaseClass.class  - Validating the title of the DCB Web App.....
[main] INFO  BaseClass.class  - ApertaDCB Tile is present--->LANDED ON RIGHT PAGE------>
[main] INFO  BaseClass.class  - DCB date is selected successfully
[main] INFO  BaseClass.class  - ---------------DataEntry is opened successfully-----------------
[main] INFO  BaseClass.class  - Validating the title of the DataEntry.....
[main] INFO  BaseClass.class  - Aperta DataEntryTile is present--->LANDED ON RIGHT PAGE------>
[main] INFO  BaseClass.class  - ---------------Validating the DCB item images and entering the amount-----------------
[main] ERROR BaseClass.class  - The Image_1 DCB title is not displayed
[main] INFO  BaseClass.class  -  Enter the Amount 1
[main] INFO  BaseClass.class  - Amount 1 is entered successfully
[main] INFO  BaseClass.class  - The Image_2 DCB title is displayed
[main] INFO  BaseClass.class  -  Enter the Amount 2
[main] INFO  BaseClass.class  - Amount 2 is entered successfully
[main] INFO  BaseClass.class  - The Image_3 DCB title is displayed
[main] INFO  BaseClass.class  -  Enter the Amount 3
[main] INFO  BaseClass.class  - Amount 3 is entered successfully
[main] INFO  BaseClass.class  - ---------------Web Balancer is opened successfully-----------------
[main] INFO  BaseClass.class  - Aperta Web Balancer Tile is present--->LANDED ON RIGHT PAGE------>
[main] INFO  BaseClass.class  - ---------------Validating the Items in Checker Pass-----------------
[main] ERROR BaseClass.class  - The Image_1 WebBalancer is not displayed
[main] INFO  BaseClass.class  -  Item 1 is approved successfully
[main] ERROR BaseClass.class  - The Image_2 WebBalancer is not displayed
[main] INFO  BaseClass.class  -  Item 2 is approved successfully
[main] INFO  BaseClass.class  - The Image_3 WebBalancer is displayed
[main] INFO  BaseClass.class  -  Item 3 is approved successfully
[main] INFO  BaseClass.class  - The Image_4 WebBalancer is displayed
[main] INFO  BaseClass.class  -  Item 4 is approved successfully
[main] INFO  BaseClass.class  - The Batch is closed successfully
[main] INFO  BaseClass.class  - 2017
[main] INFO  BaseClass.class  - Trueaperta
....
                                    testuser
[main] ERROR BaseClass.class  - False 
[main] ERROR BaseClass.class  - False 
[main] ERROR BaseClass.class  - False 
[main] ERROR BaseClass.class  - False 
[main] ERROR BaseClass.class  - False 
[main] ERROR BaseClass.class  - False 
[main] ERROR BaseClass.class  - False 
[main] ERROR BaseClass.class  - False 
[main] ERROR BaseClass.class  - False 
[main] ERROR BaseClass.class  - False 
[main] ERROR BaseClass.class  - False 
[main] ERROR BaseClass.class  - False 
[main] ERROR BaseClass.class  - False 
[main] ERROR BaseClass.class  - False 
[main] ERROR BaseClass.class  - False 
[main] ERROR BaseClass.class  - False 
[main] ERROR BaseClass.class  - False 
[main] INFO  BaseClass.class  - Trueaperta
.......
click here
    Dashboard
ICLs
Totals
Sites
Returns
Reports
Statistics
Tasks
Team
Attention
Notifications
Documents
More
Filters
ICL
all sites
all currencies
all day
testuser
business date
?
session
0
00:00:00
arrivals
0
departures
0
progress
icr
0
batches
dcb
0
batches
maker checker
0
batches
duplicates
0
batches
work sources
0.00
0.00
0.00
0.00
clearing
0.00
0.00
0.00
0.00
sites
0
active
returns
0
reports
0
new
attention
0
new
[main] INFO  BaseClass.class  - Trueaperta
.......
click here
09:14:30
closed
Dashboard
ICLs
Totals
Sites
Returns
Reports
Statistics
Tasks
Team
Attention
Notifications
Documents
More
Filters
ICL
all sites
all currencies
all day
testuser
business date
?
09:14:30
session
0
closed
arrivals
0
departures
0
progress
icr
0
batches
dcb
0
batches
maker checker
0
batches
duplicates
0
batches
work sources
0.00
0.00
0.00
0.00
clearing
0.00
0.00
0.00
0.00
sites
0
active
returns
0
reports
0
new
attention
0
new
[main] INFO  BaseClass.class  - True
[main] ERROR BaseClass.class  - False 
[main] INFO  BaseClass.class  - True
[main] ERROR BaseClass.class  - False 
[main] INFO  BaseClass.class  - Trueaperta
refreshing
click here
09:14:30
closed
Dashboard
ICLs
Totals
Sites
Returns
Reports
Statistics
Tasks
Team
Attention
Notifications
Documents
More
Filters
ICL
all sites
all currencies
all day
testuser
business date
?
09:14:30
session
1
closed
Normal
00:00 - 22:30
arrivals
0
files
departures
0
files
progress
icr
0
batches
dcb
0
batches
maker checker
0
batches
duplicates
0
batches
work sources
0.00
0.00
0.00
0.00
clearing
0.00
0.00
0.00
0.00
sites
0
active
returns
0
new
reports
0
new
attention
0
issues
[main] ERROR BaseClass.class  - False 
[main] ERROR BaseClass.class  - False 
[main] ERROR BaseClass.class  - False 
[main] ERROR BaseClass.class  - False 
[main] ERROR BaseClass.class  - False 
[main] ERROR BaseClass.class  - False 
[main] ERROR BaseClass.class  - False 
[main] ERROR BaseClass.class  - False 
[main] ERROR BaseClass.class  - False 
[main] ERROR BaseClass.class  - False 
[main] ERROR BaseClass.class  - False 
[main] ERROR BaseClass.class  - False 
[main] ERROR BaseClass.class  - False 
[main] ERROR BaseClass.class  - False 
[main] ERROR BaseClass.class  - False 
[main] ERROR BaseClass.class  - False 
[main] ERROR BaseClass.class  - False 
[main] ERROR BaseClass.class  - False 
[main] ERROR BaseClass.class  - False 
[main] ERROR BaseClass.class  - False 
[main] ERROR BaseClass.class  - False 
[main] ERROR BaseClass.class  - False 
[main] ERROR BaseClass.class  - False 
[main] ERROR BaseClass.class  - False 
[main] ERROR BaseClass.class  - False 
[main] ERROR BaseClass.class  - False 
[main] ERROR BaseClass.class  - False 
[main] ERROR BaseClass.class  - False 
[main] ERROR BaseClass.class  - False 
[main] ERROR BaseClass.class  - False 
[main] ERROR BaseClass.class  - False 
[main] ERROR BaseClass.class  - False 
[main] ERROR BaseClass.class  - False 
[main] ERROR BaseClass.class  - False 
[main] ERROR BaseClass.class  - False 
[main] ERROR BaseClass.class  - False 
[main] ERROR BaseClass.class  - False 
[main] ERROR BaseClass.class  - False 
[main] ERROR BaseClass.class  - False 
[main] ERROR BaseClass.class  - False 
[main] ERROR BaseClass.class  - False 
[main] ERROR BaseClass.class  - False 
[main] ERROR BaseClass.class  - False 
[main] ERROR BaseClass.class  - False 
[main] ERROR BaseClass.class  - False 
[main] ERROR BaseClass.class  - False 
[main] ERROR BaseClass.class  - False 
[main] ERROR BaseClass.class  - False 
[main] ERROR BaseClass.class  - False 
[main] ERROR BaseClass.class  - False 
[main] ERROR BaseClass.class  - False 
[main] ERROR BaseClass.class  - False 
[main] ERROR BaseClass.class  - False 
[main] ERROR BaseClass.class  - False 
[main] ERROR BaseClass.class  - False 
[main] ERROR BaseClass.class  - False 
[main] ERROR BaseClass.class  - False 
[main] ERROR BaseClass.class  - False 
[main] ERROR BaseClass.class  - False 
[main] ERROR BaseClass.class  - False 
[main] ERROR BaseClass.class  - False 
[main] ERROR BaseClass.class  - False 
[main] ERROR BaseClass.class  - False 
[main] ERROR BaseClass.class  - False 
[main] ERROR BaseClass.class  - False 
[main] ERROR BaseClass.class  - False 
[main] ERROR BaseClass.class  - False 
[main] ERROR BaseClass.class  - False 
[main] ERROR BaseClass.class  - False 
[main] ERROR BaseClass.class  - False 
[main] INFO  BaseClass.class  - The Aperta URL is opened-------------->TIME OF EXECUTION= Fri Oct 29 00:59:05 IST 2021
[main] INFO  BaseClass.class  - The Username is entered
[main] INFO  BaseClass.class  - The Password is entered
[main] ERROR BaseClass.class  - The password is wrong. The error message is displayed correctly
[main] INFO  BaseClass.class  - Trying with the correct password
[main] INFO  BaseClass.class  - The Password is entered
[main] INFO  BaseClass.class  - Submit button is clicked
[main] INFO  BaseClass.class  - Validating the title of the launchpage.....
[main] INFO  BaseClass.class  - ---------------Launchpad is opened successfully-----------------
[main] INFO  BaseClass.class  - Aperta Tile is present--->LANDED ON RIGHT PAGE------>
[main] INFO  BaseClass.class  - Login successfull
[main] INFO  BaseClass.class  - ---------------DCB is opened successfully-----------------
[main] INFO  BaseClass.class  - Validating the title of the DCB Web App.....
[main] INFO  BaseClass.class  - ApertaDCB Tile is present--->LANDED ON RIGHT PAGE------>
[main] INFO  BaseClass.class  - DCB date is selected successfully
[main] INFO  BaseClass.class  - ---------------DataEntry is opened successfully-----------------
[main] INFO  BaseClass.class  - Validating the title of the DataEntry.....
[main] INFO  BaseClass.class  - Aperta DataEntryTile is present--->LANDED ON RIGHT PAGE------>
[main] INFO  BaseClass.class  - ---------------Validating the DCB item images and entering the amount-----------------
[main] ERROR BaseClass.class  - The Image_1 DCB title is not displayed
[main] INFO  BaseClass.class  -  Enter the Amount 1
[main] INFO  BaseClass.class  - Amount 1 is entered successfully
[main] INFO  BaseClass.class  - The Image_2 DCB title is displayed
[main] INFO  BaseClass.class  -  Enter the Amount 2
[main] INFO  BaseClass.class  - Amount 2 is entered successfully
[main] INFO  BaseClass.class  - The Image_3 DCB title is displayed
[main] INFO  BaseClass.class  -  Enter the Amount 3
[main] INFO  BaseClass.class  - Amount 3 is entered successfully
[main] INFO  BaseClass.class  - ---------------Web Balancer is opened successfully-----------------
[main] INFO  BaseClass.class  - Aperta Web Balancer Tile is present--->LANDED ON RIGHT PAGE------>
[main] INFO  BaseClass.class  - ---------------Validating the Items in Checker Pass-----------------
[main] ERROR BaseClass.class  - The Image_1 WebBalancer is not displayed
[main] INFO  BaseClass.class  -  Item 1 is approved successfully
[main] ERROR BaseClass.class  - The Image_2 WebBalancer is not displayed
[main] INFO  BaseClass.class  -  Item 2 is approved successfully
[main] ERROR BaseClass.class  - The Image_3 WebBalancer is not displayed
[main] INFO  BaseClass.class  -  Item 3 is approved successfully
[main] INFO  BaseClass.class  - The Image_4 WebBalancer is displayed
[main] INFO  BaseClass.class  -  Item 4 is approved successfully
[main] INFO  BaseClass.class  - The Batch is closed successfully
[main] INFO  BaseClass.class  - ---------------Web Supervisor is opened successfully-----------------
[main] INFO  BaseClass.class  - Aperta Tile is present--->LANDED ON RIGHT PAGE------>
[main] INFO  BaseClass.class  - The Aperta URL is opened-------------->TIME OF EXECUTION= Sat Oct 30 13:20:08 IST 2021
[main] INFO  BaseClass.class  - The Username is entered
[main] INFO  BaseClass.class  - The Password is entered
[main] ERROR BaseClass.class  - The password is wrong. The error message is displayed correctly
[main] INFO  BaseClass.class  - Trying with the correct password
[main] INFO  BaseClass.class  - The Password is entered
[main] INFO  BaseClass.class  - Submit button is clicked
[main] INFO  BaseClass.class  - Validating the title of the launchpage.....
[main] INFO  BaseClass.class  - ---------------Launchpad is opened successfully-----------------
[main] INFO  BaseClass.class  - Aperta Tile is present--->LANDED ON RIGHT PAGE------>
[main] INFO  BaseClass.class  - Login successfull
[main] INFO  BaseClass.class  - ---------------DCB is opened successfully-----------------
[main] INFO  BaseClass.class  - Validating the title of the DCB Web App.....
[main] INFO  BaseClass.class  - ApertaDCB Tile is present--->LANDED ON RIGHT PAGE------>
[main] INFO  BaseClass.class  - DCB date is selected successfully
[main] INFO  BaseClass.class  - The Aperta URL is opened-------------->TIME OF EXECUTION= Sat Oct 30 13:39:21 IST 2021
[main] INFO  BaseClass.class  - The Username is entered
[main] INFO  BaseClass.class  - The Password is entered
[main] ERROR BaseClass.class  - The password is wrong. The error message is displayed correctly
[main] INFO  BaseClass.class  - Trying with the correct password
[main] INFO  BaseClass.class  - The Password is entered
[main] INFO  BaseClass.class  - Submit button is clicked
[main] INFO  BaseClass.class  - Validating the title of the launchpage.....
[main] INFO  BaseClass.class  - ---------------Launchpad is opened successfully-----------------
[main] INFO  BaseClass.class  - Aperta Tile is present--->LANDED ON RIGHT PAGE------>
[main] INFO  BaseClass.class  - Login successfull
[main] INFO  BaseClass.class  - ---------------DCB is opened successfully-----------------
[main] INFO  BaseClass.class  - Validating the title of the DCB Web App.....
[main] INFO  BaseClass.class  - ApertaDCB Tile is present--->LANDED ON RIGHT PAGE------>
[main] INFO  BaseClass.class  - DCB date is selected successfully
