[INFO: 2022-01-21 18:39:04 com.ApertaWebApp_Automate.TestCases.TC_LoginTest_001.LoginTest(TC_LoginTest_001.java:61)] The Aperta URL is opened
 [INFO: 2022-01-21 18:39:04 com.ApertaWebApp_Automate.TestCases.TC_LoginTest_001.Enterusername(TC_LoginTest_001.java:53)] The Username is entered
 [INFO: 2022-01-21 18:39:04 com.ApertaWebApp_Automate.TestCases.TC_LoginTest_001.setpassword(TC_LoginTest_001.java:18)] The Password is entered
 [ERROR: 2022-01-21 18:39:04 com.ApertaWebApp_Automate.TestCases.TC_LoginTest_001.setpassword(TC_LoginTest_001.java:20)] The password is wrong. The error message is displayed correctly
 [INFO: 2022-01-21 18:39:04 com.ApertaWebApp_Automate.TestCases.TC_LoginTest_001.setpassword(TC_LoginTest_001.java:21)] Trying with the correct password
 [INFO: 2022-01-21 18:39:04 com.ApertaWebApp_Automate.TestCases.TC_LoginTest_001.setpassword(TC_LoginTest_001.java:27)] The Password is entered
 [INFO: 2022-01-21 18:39:06 com.ApertaWebApp_Automate.TestCases.TC_LoginTest_001.setpassword(TC_LoginTest_001.java:29)] Submit button is clicked
 [INFO: 2022-01-21 18:39:06 com.ApertaWebApp_Automate.TestCases.TC_LoginTest_001.setpassword(TC_LoginTest_001.java:30)] Validating the title of the launchpage.....
 [INFO: 2022-01-21 18:39:06 com.ApertaWebApp_Automate.TestCases.TC_LoginTest_001.titlevalidation(TC_LoginTest_001.java:39)] ---------------<Launchpad is opened successfully>-----------------
 [INFO: 2022-01-21 18:39:06 com.ApertaWebApp_Automate.TestCases.TC_LoginTest_001.titlevalidation(TC_LoginTest_001.java:40)] Aperta Tile is present--->LANDED ON RIGHT PAGE------>
 [INFO: 2022-01-21 18:39:06 com.ApertaWebApp_Automate.TestCases.TC_LoginTest_001.titlevalidation(TC_LoginTest_001.java:41)] Login successfull
 [INFO: 2022-01-21 18:39:08 com.ApertaWebApp_Automate.TestCases.TC_DCBTest_002.dcbopen(TC_DCBTest_002.java:25)] ---------------<DCB is opened successfully>-----------------
 [INFO: 2022-01-21 18:39:08 com.ApertaWebApp_Automate.TestCases.TC_DCBTest_002.dcbtitlevalidation(TC_DCBTest_002.java:30)] Validating the title of the DCB Web App.....
 [INFO: 2022-01-21 18:39:10 com.ApertaWebApp_Automate.TestCases.TC_DCBTest_002.dcbtitlevalidation(TC_DCBTest_002.java:38)] ApertaDCB Tile is present--->LANDED ON RIGHT PAGE------>
 [INFO: 2022-01-21 18:39:10 com.ApertaWebApp_Automate.TestCases.TC_DCBTest_002.dcbdate(TC_DCBTest_002.java:51)] DCB calender is clicked successfully
 [INFO: 2022-01-21 18:39:10 com.ApertaWebApp_Automate.TestCases.TC_DCBTest_002.dcbselect(TC_DCBTest_002.java:62)] Selected month and year: January 2022
 [INFO: 2022-01-21 18:39:10 com.ApertaWebApp_Automate.TestCases.TC_DCBTest_002.dcbselect(TC_DCBTest_002.java:63)] Targeted month and year: April 2022
 [INFO: 2022-01-21 18:39:10 com.ApertaWebApp_Automate.TestCases.TC_DCBTest_002.dcbselect(TC_DCBTest_002.java:77)] date not found---->checking for other date
 [INFO: 2022-01-21 18:39:10 com.ApertaWebApp_Automate.TestCases.TC_DCBTest_002.dcbselect(TC_DCBTest_002.java:62)] Selected month and year: February 2022
 [INFO: 2022-01-21 18:39:10 com.ApertaWebApp_Automate.TestCases.TC_DCBTest_002.dcbselect(TC_DCBTest_002.java:63)] Targeted month and year: April 2022
 [INFO: 2022-01-21 18:39:10 com.ApertaWebApp_Automate.TestCases.TC_DCBTest_002.dcbselect(TC_DCBTest_002.java:77)] date not found---->checking for other date
 [INFO: 2022-01-21 18:39:10 com.ApertaWebApp_Automate.TestCases.TC_DCBTest_002.dcbselect(TC_DCBTest_002.java:62)] Selected month and year: March 2022
 [INFO: 2022-01-21 18:39:10 com.ApertaWebApp_Automate.TestCases.TC_DCBTest_002.dcbselect(TC_DCBTest_002.java:63)] Targeted month and year: April 2022
 [INFO: 2022-01-21 18:39:10 com.ApertaWebApp_Automate.TestCases.TC_DCBTest_002.dcbselect(TC_DCBTest_002.java:77)] date not found---->checking for other date
 [INFO: 2022-01-21 18:39:10 com.ApertaWebApp_Automate.TestCases.TC_DCBTest_002.dcbselect(TC_DCBTest_002.java:62)] Selected month and year: April 2022
 [INFO: 2022-01-21 18:39:10 com.ApertaWebApp_Automate.TestCases.TC_DCBTest_002.dcbselect(TC_DCBTest_002.java:63)] Targeted month and year: April 2022
 [INFO: 2022-01-21 18:39:10 com.ApertaWebApp_Automate.TestCases.TC_DCBTest_002.dcbselect(TC_DCBTest_002.java:68)] Month and year found
 [INFO: 2022-01-21 18:39:11 com.ApertaWebApp_Automate.TestCases.TC_DCBTest_002.dateselect(TC_DCBTest_002.java:88)] DCB date: 6 April 2022 is selected successfully
 